<?xml version="1.0" encoding="UTF-8"?>
<!-- Generated by org.testng.reporters.JUnitXMLReporter -->
<testsuite ignored="0" hostname="LAPTOP-L7LQ8FID" failures="1" tests="1" name="Test" time="0.253" errors="0" timestamp="2023-09-03T20:09:30 IST">
  <testcase classname="flight.Apptest" name="flightbooking" time="0.0">
    <failure type="java.lang.RuntimeException" message="java.io.FileNotFoundException: File &amp;apos;D:\Sai\EclipseWorkspace\goibibo\src\test\java\DataReader\testData.json&amp;apos; does not exist">
      <![CDATA[java.lang.RuntimeException: java.io.FileNotFoundException: File 'D:\Sai\EclipseWorkspace\goibibo\src\test\java\DataReader\testData.json' does not exist
at java.base/java.util.ArrayList.forEach(ArrayList.java:1541)
Caused by: java.io.FileNotFoundException: File 'D:\Sai\EclipseWorkspace\goibibo\src\test\java\DataReader\testData.json' does not exist
at org.apache.commons.io.FileUtils.openInputStream(FileUtils.java:297)
at org.apache.commons.io.FileUtils.readFileToString(FileUtils.java:1805)
at flight.Basetest.getJsonData(Basetest.java:111)
at flight.Apptest.getData(Apptest.java:96)
... 25 more
... Removed 32 stack frames]]>
    </failure>
  </testcase> <!-- flightbooking -->
</testsuite> <!-- Test -->
